0 info it worked if it ends with ok
1 verbose cli [ 'node', '/usr/local/bin/npm', 'install' ]
2 info using npm@2.11.3
3 info using node@v0.12.7
4 verbose readDependencies loading dependencies from /Users/darrenmcdaniel/Dropbox/node/iotserver/package.json
5 verbose install where, deps [ '/Users/darrenmcdaniel/Dropbox/node/iotserver',
5 verbose install   [ 'body-parser',
5 verbose install     'cookie-parser',
5 verbose install     'debug',
5 verbose install     'elasticsearch',
5 verbose install     'express',
5 verbose install     'jade',
5 verbose install     'moment',
5 verbose install     'mongodb',
5 verbose install     'monk',
5 verbose install     'morgan',
5 verbose install     'node-datetime',
5 verbose install     'serve-favicon',
5 verbose install     'underscore' ] ]
6 verbose install where, peers [ '/Users/darrenmcdaniel/Dropbox/node/iotserver', [] ]
7 verbose installManyTop reading for lifecycle /Users/darrenmcdaniel/Dropbox/node/iotserver/package.json
8 info preinstall iotserver@0.0.0
9 verbose readDependencies loading dependencies from /Users/darrenmcdaniel/Dropbox/node/iotserver/package.json
10 silly cache add args [ 'debug@~2.2.0', null ]
11 verbose cache add spec debug@~2.2.0
12 silly cache add parsed spec { raw: 'debug@~2.2.0',
12 silly cache add   scope: null,
12 silly cache add   name: 'debug',
12 silly cache add   rawSpec: '~2.2.0',
12 silly cache add   spec: '>=2.2.0 <2.3.0',
12 silly cache add   type: 'range' }
13 silly addNamed debug@>=2.2.0 <2.3.0
14 verbose addNamed ">=2.2.0 <2.3.0" is a valid semver range for debug
15 silly addNameRange { name: 'debug', range: '>=2.2.0 <2.3.0', hasData: false }
16 silly mapToRegistry name debug
17 silly mapToRegistry using default registry
18 silly mapToRegistry registry https://registry.npmjs.org/
19 silly mapToRegistry uri https://registry.npmjs.org/debug
20 verbose addNameRange registry:https://registry.npmjs.org/debug not in flight; fetching
21 silly cache add args [ 'elasticsearch@^11.0.1', null ]
22 verbose cache add spec elasticsearch@^11.0.1
23 silly cache add parsed spec { raw: 'elasticsearch@^11.0.1',
23 silly cache add   scope: null,
23 silly cache add   name: 'elasticsearch',
23 silly cache add   rawSpec: '^11.0.1',
23 silly cache add   spec: '>=11.0.1 <12.0.0',
23 silly cache add   type: 'range' }
24 silly addNamed elasticsearch@>=11.0.1 <12.0.0
25 verbose addNamed ">=11.0.1 <12.0.0" is a valid semver range for elasticsearch
26 silly addNameRange { name: 'elasticsearch',
26 silly addNameRange   range: '>=11.0.1 <12.0.0',
26 silly addNameRange   hasData: false }
27 silly mapToRegistry name elasticsearch
28 silly mapToRegistry using default registry
29 silly mapToRegistry registry https://registry.npmjs.org/
30 silly mapToRegistry uri https://registry.npmjs.org/elasticsearch
31 verbose addNameRange registry:https://registry.npmjs.org/elasticsearch not in flight; fetching
32 silly cache add args [ 'express@~4.13.4', null ]
33 verbose cache add spec express@~4.13.4
34 silly cache add parsed spec { raw: 'express@~4.13.4',
34 silly cache add   scope: null,
34 silly cache add   name: 'express',
34 silly cache add   rawSpec: '~4.13.4',
34 silly cache add   spec: '>=4.13.4 <4.14.0',
34 silly cache add   type: 'range' }
35 silly addNamed express@>=4.13.4 <4.14.0
36 verbose addNamed ">=4.13.4 <4.14.0" is a valid semver range for express
37 silly addNameRange { name: 'express', range: '>=4.13.4 <4.14.0', hasData: false }
38 silly mapToRegistry name express
39 silly mapToRegistry using default registry
40 silly mapToRegistry registry https://registry.npmjs.org/
41 silly mapToRegistry uri https://registry.npmjs.org/express
42 verbose addNameRange registry:https://registry.npmjs.org/express not in flight; fetching
43 silly cache add args [ 'jade@~1.11.0', null ]
44 verbose cache add spec jade@~1.11.0
45 silly cache add parsed spec { raw: 'jade@~1.11.0',
45 silly cache add   scope: null,
45 silly cache add   name: 'jade',
45 silly cache add   rawSpec: '~1.11.0',
45 silly cache add   spec: '>=1.11.0 <1.12.0',
45 silly cache add   type: 'range' }
46 silly addNamed jade@>=1.11.0 <1.12.0
47 verbose addNamed ">=1.11.0 <1.12.0" is a valid semver range for jade
48 silly addNameRange { name: 'jade', range: '>=1.11.0 <1.12.0', hasData: false }
49 silly mapToRegistry name jade
50 silly mapToRegistry using default registry
51 silly mapToRegistry registry https://registry.npmjs.org/
52 silly mapToRegistry uri https://registry.npmjs.org/jade
53 verbose addNameRange registry:https://registry.npmjs.org/jade not in flight; fetching
54 silly cache add args [ 'moment@2.4.1', null ]
55 verbose cache add spec moment@2.4.1
56 silly cache add parsed spec { raw: 'moment@2.4.1',
56 silly cache add   scope: null,
56 silly cache add   name: 'moment',
56 silly cache add   rawSpec: '2.4.1',
56 silly cache add   spec: '2.4.1',
56 silly cache add   type: 'version' }
57 silly addNamed moment@2.4.1
58 verbose addNamed "2.4.1" is a plain semver version for moment
59 silly mapToRegistry name moment
60 silly mapToRegistry using default registry
61 silly mapToRegistry registry https://registry.npmjs.org/
62 silly mapToRegistry uri https://registry.npmjs.org/moment
63 verbose addNameVersion registry:https://registry.npmjs.org/moment not in flight; fetching
64 silly cache add args [ 'mongodb@^1.4.4', null ]
65 verbose cache add spec mongodb@^1.4.4
66 silly cache add parsed spec { raw: 'mongodb@^1.4.4',
66 silly cache add   scope: null,
66 silly cache add   name: 'mongodb',
66 silly cache add   rawSpec: '^1.4.4',
66 silly cache add   spec: '>=1.4.4 <2.0.0',
66 silly cache add   type: 'range' }
67 silly addNamed mongodb@>=1.4.4 <2.0.0
68 verbose addNamed ">=1.4.4 <2.0.0" is a valid semver range for mongodb
69 silly addNameRange { name: 'mongodb', range: '>=1.4.4 <2.0.0', hasData: false }
70 silly mapToRegistry name mongodb
71 silly mapToRegistry using default registry
72 silly mapToRegistry registry https://registry.npmjs.org/
73 silly mapToRegistry uri https://registry.npmjs.org/mongodb
74 verbose addNameRange registry:https://registry.npmjs.org/mongodb not in flight; fetching
75 silly cache add args [ 'monk@^1.0.1', null ]
76 verbose cache add spec monk@^1.0.1
77 silly cache add parsed spec { raw: 'monk@^1.0.1',
77 silly cache add   scope: null,
77 silly cache add   name: 'monk',
77 silly cache add   rawSpec: '^1.0.1',
77 silly cache add   spec: '>=1.0.1 <2.0.0',
77 silly cache add   type: 'range' }
78 silly addNamed monk@>=1.0.1 <2.0.0
79 verbose addNamed ">=1.0.1 <2.0.0" is a valid semver range for monk
80 silly addNameRange { name: 'monk', range: '>=1.0.1 <2.0.0', hasData: false }
81 silly mapToRegistry name monk
82 silly mapToRegistry using default registry
83 silly mapToRegistry registry https://registry.npmjs.org/
84 silly mapToRegistry uri https://registry.npmjs.org/monk
85 verbose addNameRange registry:https://registry.npmjs.org/monk not in flight; fetching
86 silly cache add args [ 'morgan@~1.7.0', null ]
87 verbose cache add spec morgan@~1.7.0
88 silly cache add parsed spec { raw: 'morgan@~1.7.0',
88 silly cache add   scope: null,
88 silly cache add   name: 'morgan',
88 silly cache add   rawSpec: '~1.7.0',
88 silly cache add   spec: '>=1.7.0 <1.8.0',
88 silly cache add   type: 'range' }
89 silly addNamed morgan@>=1.7.0 <1.8.0
90 verbose addNamed ">=1.7.0 <1.8.0" is a valid semver range for morgan
91 silly addNameRange { name: 'morgan', range: '>=1.7.0 <1.8.0', hasData: false }
92 silly mapToRegistry name morgan
93 silly mapToRegistry using default registry
94 silly mapToRegistry registry https://registry.npmjs.org/
95 silly mapToRegistry uri https://registry.npmjs.org/morgan
96 verbose addNameRange registry:https://registry.npmjs.org/morgan not in flight; fetching
97 silly cache add args [ 'node-datetime@^1.0.0', null ]
98 verbose cache add spec node-datetime@^1.0.0
99 silly cache add parsed spec { raw: 'node-datetime@^1.0.0',
99 silly cache add   scope: null,
99 silly cache add   name: 'node-datetime',
99 silly cache add   rawSpec: '^1.0.0',
99 silly cache add   spec: '>=1.0.0 <2.0.0',
99 silly cache add   type: 'range' }
100 silly addNamed node-datetime@>=1.0.0 <2.0.0
101 verbose addNamed ">=1.0.0 <2.0.0" is a valid semver range for node-datetime
102 silly addNameRange { name: 'node-datetime',
102 silly addNameRange   range: '>=1.0.0 <2.0.0',
102 silly addNameRange   hasData: false }
103 silly mapToRegistry name node-datetime
104 silly mapToRegistry using default registry
105 silly mapToRegistry registry https://registry.npmjs.org/
106 silly mapToRegistry uri https://registry.npmjs.org/node-datetime
107 verbose addNameRange registry:https://registry.npmjs.org/node-datetime not in flight; fetching
108 silly cache add args [ 'serve-favicon@~2.3.0', null ]
109 verbose cache add spec serve-favicon@~2.3.0
110 silly cache add parsed spec { raw: 'serve-favicon@~2.3.0',
110 silly cache add   scope: null,
110 silly cache add   name: 'serve-favicon',
110 silly cache add   rawSpec: '~2.3.0',
110 silly cache add   spec: '>=2.3.0 <2.4.0',
110 silly cache add   type: 'range' }
111 silly addNamed serve-favicon@>=2.3.0 <2.4.0
112 verbose addNamed ">=2.3.0 <2.4.0" is a valid semver range for serve-favicon
113 silly addNameRange { name: 'serve-favicon',
113 silly addNameRange   range: '>=2.3.0 <2.4.0',
113 silly addNameRange   hasData: false }
114 silly mapToRegistry name serve-favicon
115 silly mapToRegistry using default registry
116 silly mapToRegistry registry https://registry.npmjs.org/
117 silly mapToRegistry uri https://registry.npmjs.org/serve-favicon
118 verbose addNameRange registry:https://registry.npmjs.org/serve-favicon not in flight; fetching
119 silly cache add args [ 'underscore@^1.8.3', null ]
120 verbose cache add spec underscore@^1.8.3
121 silly cache add parsed spec { raw: 'underscore@^1.8.3',
121 silly cache add   scope: null,
121 silly cache add   name: 'underscore',
121 silly cache add   rawSpec: '^1.8.3',
121 silly cache add   spec: '>=1.8.3 <2.0.0',
121 silly cache add   type: 'range' }
122 silly addNamed underscore@>=1.8.3 <2.0.0
123 verbose addNamed ">=1.8.3 <2.0.0" is a valid semver range for underscore
124 silly addNameRange { name: 'underscore', range: '>=1.8.3 <2.0.0', hasData: false }
125 silly mapToRegistry name underscore
126 silly mapToRegistry using default registry
127 silly mapToRegistry registry https://registry.npmjs.org/
128 silly mapToRegistry uri https://registry.npmjs.org/underscore
129 verbose addNameRange registry:https://registry.npmjs.org/underscore not in flight; fetching
130 silly cache add args [ 'body-parser@~1.15.1', null ]
131 verbose cache add spec body-parser@~1.15.1
132 silly cache add parsed spec { raw: 'body-parser@~1.15.1',
132 silly cache add   scope: null,
132 silly cache add   name: 'body-parser',
132 silly cache add   rawSpec: '~1.15.1',
132 silly cache add   spec: '>=1.15.1 <1.16.0',
132 silly cache add   type: 'range' }
133 silly addNamed body-parser@>=1.15.1 <1.16.0
134 verbose addNamed ">=1.15.1 <1.16.0" is a valid semver range for body-parser
135 silly addNameRange { name: 'body-parser',
135 silly addNameRange   range: '>=1.15.1 <1.16.0',
135 silly addNameRange   hasData: false }
136 silly mapToRegistry name body-parser
137 silly mapToRegistry using default registry
138 silly mapToRegistry registry https://registry.npmjs.org/
139 silly mapToRegistry uri https://registry.npmjs.org/body-parser
140 verbose addNameRange registry:https://registry.npmjs.org/body-parser not in flight; fetching
141 silly cache add args [ 'cookie-parser@~1.4.3', null ]
142 verbose cache add spec cookie-parser@~1.4.3
143 silly cache add parsed spec { raw: 'cookie-parser@~1.4.3',
143 silly cache add   scope: null,
143 silly cache add   name: 'cookie-parser',
143 silly cache add   rawSpec: '~1.4.3',
143 silly cache add   spec: '>=1.4.3 <1.5.0',
143 silly cache add   type: 'range' }
144 silly addNamed cookie-parser@>=1.4.3 <1.5.0
145 verbose addNamed ">=1.4.3 <1.5.0" is a valid semver range for cookie-parser
146 silly addNameRange { name: 'cookie-parser',
146 silly addNameRange   range: '>=1.4.3 <1.5.0',
146 silly addNameRange   hasData: false }
147 silly mapToRegistry name cookie-parser
148 silly mapToRegistry using default registry
149 silly mapToRegistry registry https://registry.npmjs.org/
150 silly mapToRegistry uri https://registry.npmjs.org/cookie-parser
151 verbose addNameRange registry:https://registry.npmjs.org/cookie-parser not in flight; fetching
152 verbose request uri https://registry.npmjs.org/debug
153 verbose request no auth needed
154 info attempt registry request try #1 at 11:27:07 PM
155 verbose request id 88b6dc72f02064f9
156 verbose etag "6EBRBHQOCL8SK9P951G4EDAS1"
157 http request GET https://registry.npmjs.org/debug
158 verbose request uri https://registry.npmjs.org/elasticsearch
159 verbose request no auth needed
160 info attempt registry request try #1 at 11:27:07 PM
161 verbose etag "EQACLSBM8PPR2HB2AJZ2OPWMY"
162 http request GET https://registry.npmjs.org/elasticsearch
163 verbose request uri https://registry.npmjs.org/moment
164 verbose request no auth needed
165 info attempt registry request try #1 at 11:27:07 PM
166 verbose etag "BY9HLFTL1A86FQB8EJXRIJT5B"
167 http request GET https://registry.npmjs.org/moment
168 verbose request uri https://registry.npmjs.org/jade
169 verbose request no auth needed
170 info attempt registry request try #1 at 11:27:07 PM
171 verbose etag "4RUUM82IKRJ8ZKZHWK0U2WON7"
172 http request GET https://registry.npmjs.org/jade
173 verbose request uri https://registry.npmjs.org/monk
174 verbose request no auth needed
175 info attempt registry request try #1 at 11:27:07 PM
176 verbose etag "7WFAU0FAD6W0CT4MMYXH6OVJE"
177 http request GET https://registry.npmjs.org/monk
178 verbose request uri https://registry.npmjs.org/node-datetime
179 verbose request no auth needed
180 info attempt registry request try #1 at 11:27:07 PM
181 verbose etag "F1HITRJ4AC833TS99NUG05ERW"
182 http request GET https://registry.npmjs.org/node-datetime
183 verbose request uri https://registry.npmjs.org/morgan
184 verbose request no auth needed
185 info attempt registry request try #1 at 11:27:07 PM
186 verbose etag "A1VM0SQ5KGC17F127VE6JE1MZ"
187 http request GET https://registry.npmjs.org/morgan
188 verbose request uri https://registry.npmjs.org/serve-favicon
189 verbose request no auth needed
190 info attempt registry request try #1 at 11:27:07 PM
191 verbose etag "44JXRJIHMGSDB0A40JI0D1N9R"
192 http request GET https://registry.npmjs.org/serve-favicon
193 verbose request uri https://registry.npmjs.org/underscore
194 verbose request no auth needed
195 info attempt registry request try #1 at 11:27:07 PM
196 verbose etag "3EN0WNRWQGTWMAB98WLGSGMBU"
197 http request GET https://registry.npmjs.org/underscore
198 verbose request uri https://registry.npmjs.org/cookie-parser
199 verbose request no auth needed
200 info attempt registry request try #1 at 11:27:07 PM
201 verbose etag "6A758WDJDMC2BW46R9O3F9OMK"
202 http request GET https://registry.npmjs.org/cookie-parser
203 verbose request uri https://registry.npmjs.org/body-parser
204 verbose request no auth needed
205 info attempt registry request try #1 at 11:27:07 PM
206 verbose etag "EW5HJP8QDITXCJD56IIMW646Z"
207 http request GET https://registry.npmjs.org/body-parser
208 verbose request uri https://registry.npmjs.org/mongodb
209 verbose request no auth needed
210 info attempt registry request try #1 at 11:27:07 PM
211 verbose etag "AJZPOM1S51833LQV6CCGMLZ55"
212 http request GET https://registry.npmjs.org/mongodb
213 verbose request uri https://registry.npmjs.org/express
214 verbose request no auth needed
215 info attempt registry request try #1 at 11:27:07 PM
216 verbose etag "8UXWDH1DK3D1U3TZOEE03CXI7"
217 http request GET https://registry.npmjs.org/express
218 http 304 https://registry.npmjs.org/jade
219 silly get cb [ 304,
219 silly get   { date: 'Mon, 11 Jul 2016 03:27:07 GMT',
219 silly get     via: '1.1 varnish',
219 silly get     'cache-control': 'max-age=300',
219 silly get     etag: '"4RUUM82IKRJ8ZKZHWK0U2WON7"',
219 silly get     age: '150',
219 silly get     connection: 'keep-alive',
219 silly get     'x-served-by': 'cache-atl6250-ATL',
219 silly get     'x-cache': 'HIT',
219 silly get     'x-cache-hits': '1',
219 silly get     'x-timer': 'S1468207627.854562,VS0,VE0',
219 silly get     vary: 'Accept-Encoding' } ]
220 verbose etag https://registry.npmjs.org/jade from cache
221 verbose get saving jade to /Users/darrenmcdaniel/.npm/registry.npmjs.org/jade/.cache.json
222 http 304 https://registry.npmjs.org/moment
223 silly get cb [ 304,
223 silly get   { date: 'Mon, 11 Jul 2016 03:27:07 GMT',
223 silly get     via: '1.1 varnish',
223 silly get     'cache-control': 'max-age=300',
223 silly get     etag: '"BY9HLFTL1A86FQB8EJXRIJT5B"',
223 silly get     age: '117',
223 silly get     connection: 'keep-alive',
223 silly get     'x-served-by': 'cache-atl6227-ATL',
223 silly get     'x-cache': 'HIT',
223 silly get     'x-cache-hits': '19',
223 silly get     'x-timer': 'S1468207627.855387,VS0,VE0',
223 silly get     vary: 'Accept-Encoding' } ]
224 verbose etag https://registry.npmjs.org/moment from cache
225 verbose get saving moment to /Users/darrenmcdaniel/.npm/registry.npmjs.org/moment/.cache.json
226 http 304 https://registry.npmjs.org/elasticsearch
227 silly get cb [ 304,
227 silly get   { date: 'Mon, 11 Jul 2016 03:27:07 GMT',
227 silly get     via: '1.1 varnish',
227 silly get     'cache-control': 'max-age=300',
227 silly get     etag: '"EQACLSBM8PPR2HB2AJZ2OPWMY"',
227 silly get     age: '41',
227 silly get     connection: 'keep-alive',
227 silly get     'x-served-by': 'cache-atl6221-ATL',
227 silly get     'x-cache': 'HIT',
227 silly get     'x-cache-hits': '1',
227 silly get     'x-timer': 'S1468207627.867730,VS0,VE0',
227 silly get     vary: 'Accept-Encoding' } ]
228 verbose etag https://registry.npmjs.org/elasticsearch from cache
229 verbose get saving elasticsearch to /Users/darrenmcdaniel/.npm/registry.npmjs.org/elasticsearch/.cache.json
230 http 304 https://registry.npmjs.org/node-datetime
231 silly get cb [ 304,
231 silly get   { date: 'Mon, 11 Jul 2016 03:27:07 GMT',
231 silly get     via: '1.1 varnish',
231 silly get     'cache-control': 'max-age=300',
231 silly get     etag: '"F1HITRJ4AC833TS99NUG05ERW"',
231 silly get     age: '41',
231 silly get     connection: 'keep-alive',
231 silly get     'x-served-by': 'cache-atl6233-ATL',
231 silly get     'x-cache': 'HIT',
231 silly get     'x-cache-hits': '1',
231 silly get     'x-timer': 'S1468207627.864977,VS0,VE0',
231 silly get     vary: 'Accept-Encoding' } ]
232 verbose etag https://registry.npmjs.org/node-datetime from cache
233 verbose get saving node-datetime to /Users/darrenmcdaniel/.npm/registry.npmjs.org/node-datetime/.cache.json
234 http 304 https://registry.npmjs.org/underscore
235 silly get cb [ 304,
235 silly get   { date: 'Mon, 11 Jul 2016 03:27:07 GMT',
235 silly get     via: '1.1 varnish',
235 silly get     'cache-control': 'max-age=300',
235 silly get     etag: '"3EN0WNRWQGTWMAB98WLGSGMBU"',
235 silly get     age: '43',
235 silly get     connection: 'keep-alive',
235 silly get     'x-served-by': 'cache-atl6240-ATL',
235 silly get     'x-cache': 'HIT',
235 silly get     'x-cache-hits': '1',
235 silly get     'x-timer': 'S1468207627.868000,VS0,VE0',
235 silly get     vary: 'Accept-Encoding' } ]
236 verbose etag https://registry.npmjs.org/underscore from cache
237 verbose get saving underscore to /Users/darrenmcdaniel/.npm/registry.npmjs.org/underscore/.cache.json
238 http 304 https://registry.npmjs.org/debug
239 silly get cb [ 304,
239 silly get   { date: 'Mon, 11 Jul 2016 03:27:07 GMT',
239 silly get     via: '1.1 varnish',
239 silly get     'cache-control': 'max-age=300',
239 silly get     etag: '"6EBRBHQOCL8SK9P951G4EDAS1"',
239 silly get     age: '165',
239 silly get     connection: 'keep-alive',
239 silly get     'x-served-by': 'cache-atl6225-ATL',
239 silly get     'x-cache': 'HIT',
239 silly get     'x-cache-hits': '3',
239 silly get     'x-timer': 'S1468207627.871488,VS0,VE0',
239 silly get     vary: 'Accept-Encoding' } ]
240 verbose etag https://registry.npmjs.org/debug from cache
241 verbose get saving debug to /Users/darrenmcdaniel/.npm/registry.npmjs.org/debug/.cache.json
242 http 304 https://registry.npmjs.org/monk
243 silly get cb [ 304,
243 silly get   { date: 'Mon, 11 Jul 2016 03:27:07 GMT',
243 silly get     via: '1.1 varnish',
243 silly get     'cache-control': 'max-age=300',
243 silly get     etag: '"7WFAU0FAD6W0CT4MMYXH6OVJE"',
243 silly get     age: '41',
243 silly get     connection: 'keep-alive',
243 silly get     'x-served-by': 'cache-atl6221-ATL',
243 silly get     'x-cache': 'HIT',
243 silly get     'x-cache-hits': '1',
243 silly get     'x-timer': 'S1468207627.874205,VS0,VE0',
243 silly get     vary: 'Accept-Encoding' } ]
244 verbose etag https://registry.npmjs.org/monk from cache
245 verbose get saving monk to /Users/darrenmcdaniel/.npm/registry.npmjs.org/monk/.cache.json
246 http 304 https://registry.npmjs.org/body-parser
247 silly get cb [ 304,
247 silly get   { date: 'Mon, 11 Jul 2016 03:27:07 GMT',
247 silly get     via: '1.1 varnish',
247 silly get     'cache-control': 'max-age=300',
247 silly get     etag: '"EW5HJP8QDITXCJD56IIMW646Z"',
247 silly get     age: '123',
247 silly get     connection: 'keep-alive',
247 silly get     'x-served-by': 'cache-atl6246-ATL',
247 silly get     'x-cache': 'HIT',
247 silly get     'x-cache-hits': '1',
247 silly get     'x-timer': 'S1468207627.878698,VS0,VE0',
247 silly get     vary: 'Accept-Encoding' } ]
248 verbose etag https://registry.npmjs.org/body-parser from cache
249 verbose get saving body-parser to /Users/darrenmcdaniel/.npm/registry.npmjs.org/body-parser/.cache.json
250 http 304 https://registry.npmjs.org/serve-favicon
251 silly get cb [ 304,
251 silly get   { date: 'Mon, 11 Jul 2016 03:27:07 GMT',
251 silly get     via: '1.1 varnish',
251 silly get     'cache-control': 'max-age=300',
251 silly get     etag: '"44JXRJIHMGSDB0A40JI0D1N9R"',
251 silly get     age: '176',
251 silly get     connection: 'keep-alive',
251 silly get     'x-served-by': 'cache-atl6227-ATL',
251 silly get     'x-cache': 'HIT',
251 silly get     'x-cache-hits': '1',
251 silly get     'x-timer': 'S1468207627.879935,VS0,VE0',
251 silly get     vary: 'Accept-Encoding' } ]
252 verbose etag https://registry.npmjs.org/serve-favicon from cache
253 verbose get saving serve-favicon to /Users/darrenmcdaniel/.npm/registry.npmjs.org/serve-favicon/.cache.json
254 http 304 https://registry.npmjs.org/express
255 silly get cb [ 304,
255 silly get   { date: 'Mon, 11 Jul 2016 03:27:07 GMT',
255 silly get     via: '1.1 varnish',
255 silly get     'cache-control': 'max-age=300',
255 silly get     etag: '"8UXWDH1DK3D1U3TZOEE03CXI7"',
255 silly get     age: '184',
255 silly get     connection: 'keep-alive',
255 silly get     'x-served-by': 'cache-atl6249-ATL',
255 silly get     'x-cache': 'HIT',
255 silly get     'x-cache-hits': '1',
255 silly get     'x-timer': 'S1468207627.883731,VS0,VE0',
255 silly get     vary: 'Accept-Encoding' } ]
256 verbose etag https://registry.npmjs.org/express from cache
257 verbose get saving express to /Users/darrenmcdaniel/.npm/registry.npmjs.org/express/.cache.json
258 http 304 https://registry.npmjs.org/morgan
259 silly get cb [ 304,
259 silly get   { date: 'Mon, 11 Jul 2016 03:27:07 GMT',
259 silly get     via: '1.1 varnish',
259 silly get     'cache-control': 'max-age=300',
259 silly get     etag: '"A1VM0SQ5KGC17F127VE6JE1MZ"',
259 silly get     age: '123',
259 silly get     connection: 'keep-alive',
259 silly get     'x-served-by': 'cache-atl6228-ATL',
259 silly get     'x-cache': 'HIT',
259 silly get     'x-cache-hits': '1',
259 silly get     'x-timer': 'S1468207627.884322,VS0,VE0',
259 silly get     vary: 'Accept-Encoding' } ]
260 verbose etag https://registry.npmjs.org/morgan from cache
261 verbose get saving morgan to /Users/darrenmcdaniel/.npm/registry.npmjs.org/morgan/.cache.json
262 silly addNameRange number 2 { name: 'jade', range: '>=1.11.0 <1.12.0', hasData: true }
263 silly addNameRange versions [ 'jade',
263 silly addNameRange   [ '0.0.1',
263 silly addNameRange     '0.0.2',
263 silly addNameRange     '0.1.0',
263 silly addNameRange     '0.2.0',
263 silly addNameRange     '0.2.1',
263 silly addNameRange     '0.2.2',
263 silly addNameRange     '0.2.3',
263 silly addNameRange     '0.2.4',
263 silly addNameRange     '0.3.0',
263 silly addNameRange     '0.4.0',
263 silly addNameRange     '0.4.1',
263 silly addNameRange     '0.5.0',
263 silly addNameRange     '0.5.1',
263 silly addNameRange     '0.5.2',
263 silly addNameRange     '0.5.3',
263 silly addNameRange     '0.5.4',
263 silly addNameRange     '0.5.5',
263 silly addNameRange     '0.5.6',
263 silly addNameRange     '0.5.7',
263 silly addNameRange     '0.6.0',
263 silly addNameRange     '0.6.1',
263 silly addNameRange     '0.6.3',
263 silly addNameRange     '0.7.0',
263 silly addNameRange     '0.7.1',
263 silly addNameRange     '0.8.0',
263 silly addNameRange     '0.8.1',
263 silly addNameRange     '0.8.2',
263 silly addNameRange     '0.8.3',
263 silly addNameRange     '0.8.4',
263 silly addNameRange     '0.8.5',
263 silly addNameRange     '0.8.6',
263 silly addNameRange     '0.8.7',
263 silly addNameRange     '0.8.8',
263 silly addNameRange     '0.8.9',
263 silly addNameRange     '0.9.0',
263 silly addNameRange     '0.9.1',
263 silly addNameRange     '0.9.2',
263 silly addNameRange     '0.9.3',
263 silly addNameRange     '0.10.0',
263 silly addNameRange     '0.10.1',
263 silly addNameRange     '0.10.2',
263 silly addNameRange     '0.10.3',
263 silly addNameRange     '0.10.4',
263 silly addNameRange     '0.10.5',
263 silly addNameRange     '0.10.6',
263 silly addNameRange     '0.10.7',
263 silly addNameRange     '0.11.0',
263 silly addNameRange     '0.11.1',
263 silly addNameRange     '0.12.0',
263 silly addNameRange     '0.12.1',
263 silly addNameRange     '0.12.2',
263 silly addNameRange     '0.12.3',
263 silly addNameRange     '0.12.4',
263 silly addNameRange     '0.13.0',
263 silly addNameRange     '0.14.0',
263 silly addNameRange     '0.14.1',
263 silly addNameRange     '0.14.2',
263 silly addNameRange     '0.15.0',
263 silly addNameRange     '0.15.1',
263 silly addNameRange     '0.15.2',
263 silly addNameRange     '0.15.3',
263 silly addNameRange     '0.15.4',
263 silly addNameRange     '0.16.0',
263 silly addNameRange     '0.16.1',
263 silly addNameRange     '0.16.2',
263 silly addNameRange     '0.16.3',
263 silly addNameRange     '0.16.4',
263 silly addNameRange     '0.17.0',
263 silly addNameRange     '0.18.0',
263 silly addNameRange     '0.19.0',
263 silly addNameRange     '0.20.0',
263 silly addNameRange     '0.20.1',
263 silly addNameRange     '0.20.2',
263 silly addNameRange     '0.20.3',
263 silly addNameRange     '0.21.0',
263 silly addNameRange     '0.22.0',
263 silly addNameRange     '0.22.1',
263 silly addNameRange     '0.23.0',
263 silly addNameRange     '0.24.0',
263 silly addNameRange     '0.25.0',
263 silly addNameRange     '0.26.0',
263 silly addNameRange     '0.26.1',
263 silly addNameRange     '0.26.2',
263 silly addNameRange     '0.26.3',
263 silly addNameRange     '0.27.0',
263 silly addNameRange     '0.27.1',
263 silly addNameRange     '0.27.2',
263 silly addNameRange     '0.27.3',
263 silly addNameRange     '0.27.4',
263 silly addNameRange     '0.27.5',
263 silly addNameRange     '0.27.6',
263 silly addNameRange     '0.27.7',
263 silly addNameRange     '0.28.0',
263 silly addNameRange     '0.28.1',
263 silly addNameRange     '0.28.2',
263 silly addNameRange     '0.29.0',
263 silly addNameRange     '0.30.0',
263 silly addNameRange     '0.31.0',
263 silly addNameRange     '0.31.1',
263 silly addNameRange     '0.31.2',
263 silly addNameRange     '0.32.0',
263 silly addNameRange     '0.33.0',
263 silly addNameRange     '0.34.0',
263 silly addNameRange     '0.34.1',
263 silly addNameRange     '0.35.0',
263 silly addNameRange     '1.0.0',
263 silly addNameRange     '1.0.1',
263 silly addNameRange     '1.0.2',
263 silly addNameRange     '1.1.0',
263 silly addNameRange     '1.1.1',
263 silly addNameRange     '1.1.2',
263 silly addNameRange     '1.1.3',
263 silly addNameRange     '1.1.4',
263 silly addNameRange     '1.1.5',
263 silly addNameRange     '1.2.0',
263 silly addNameRange     '1.3.0',
263 silly addNameRange     '1.3.1',
263 silly addNameRange     '1.4.0',
263 silly addNameRange     '1.4.1',
263 silly addNameRange     '1.4.2',
263 silly addNameRange     '1.5.0',
263 silly addNameRange     '1.6.0',
263 silly addNameRange     '1.7.0',
263 silly addNameRange     '1.8.0',
263 silly addNameRange     '1.8.1',
263 silly addNameRange     '1.8.2',
263 silly addNameRange     '1.9.0',
263 silly addNameRange     '1.9.1',
263 silly addNameRange     '1.9.2',
263 silly addNameRange     '1.10.0',
263 silly addNameRange     '1.11.0' ] ]
264 silly addNamed jade@1.11.0
265 verbose addNamed "1.11.0" is a plain semver version for jade
266 warn deprecated jade@1.11.0: Jade has been renamed to pug, please install the latest version of pug instead of jade
267 http 200 https://registry.npmjs.org/cookie-parser
268 silly get cb [ 200,
268 silly get   { server: 'CouchDB/1.5.0 (Erlang OTP/R16B03)',
268 silly get     etag: '"EAOZGGW9ADEVPOMJ3LT9EO2QQ"',
268 silly get     'content-type': 'application/json',
268 silly get     'content-encoding': 'gzip',
268 silly get     'cache-control': 'max-age=300',
268 silly get     'content-length': '5041',
268 silly get     'accept-ranges': 'bytes',
268 silly get     date: 'Mon, 11 Jul 2016 03:27:07 GMT',
268 silly get     via: '1.1 varnish',
268 silly get     age: '14',
268 silly get     connection: 'keep-alive',
268 silly get     'x-served-by': 'cache-atl6240-ATL',
268 silly get     'x-cache': 'HIT',
268 silly get     'x-cache-hits': '1',
268 silly get     'x-timer': 'S1468207627.878596,VS0,VE0',
268 silly get     vary: 'Accept-Encoding' } ]
269 verbose get saving cookie-parser to /Users/darrenmcdaniel/.npm/registry.npmjs.org/cookie-parser/.cache.json
270 silly addNameRange number 2 { name: 'elasticsearch',
270 silly addNameRange   range: '>=11.0.1 <12.0.0',
270 silly addNameRange   hasData: true }
271 silly addNameRange versions [ 'elasticsearch',
271 silly addNameRange   [ '1.0.0',
271 silly addNameRange     '1.0.1',
271 silly addNameRange     '0.2.0',
271 silly addNameRange     '0.2.1',
271 silly addNameRange     '0.2.2',
271 silly addNameRange     '0.2.3',
271 silly addNameRange     '0.2.6',
271 silly addNameRange     '0.3.1',
271 silly addNameRange     '0.3.10',
271 silly addNameRange     '0.3.11',
271 silly addNameRange     '0.3.12',
271 silly addNameRange     '0.3.2',
271 silly addNameRange     '0.3.3',
271 silly addNameRange     '0.3.4',
271 silly addNameRange     '0.3.5',
271 silly addNameRange     '0.3.6',
271 silly addNameRange     '0.3.7',
271 silly addNameRange     '0.3.8',
271 silly addNameRange     '0.3.9',
271 silly addNameRange     '1.0.3',
271 silly addNameRange     '1.3.0',
271 silly addNameRange     '1.4.0',
271 silly addNameRange     '1.5.0',
271 silly addNameRange     '1.5.1',
271 silly addNameRange     '1.5.2',
271 silly addNameRange     '1.5.3',
271 silly addNameRange     '1.5.4',
271 silly addNameRange     '1.5.5',
271 silly addNameRange     '1.5.6',
271 silly addNameRange     '1.5.7',
271 silly addNameRange     '1.5.8',
271 silly addNameRange     '1.5.9',
271 silly addNameRange     '1.5.10',
271 silly addNameRange     '1.5.11',
271 silly addNameRange     '1.5.12',
271 silly addNameRange     '1.5.13',
271 silly addNameRange     '1.5.14',
271 silly addNameRange     '2.0.0',
271 silly addNameRange     '2.1.0',
271 silly addNameRange     '2.1.1',
271 silly addNameRange     '2.1.2',
271 silly addNameRange     '2.1.3',
271 silly addNameRange     '2.1.4',
271 silly addNameRange     '2.1.6',
271 silly addNameRange     '2.2.0',
271 silly addNameRange     '2.3.0',
271 silly addNameRange     '2.3.1',
271 silly addNameRange     '2.4.0',
271 silly addNameRange     '2.4.1',
271 silly addNameRange     '2.4.2',
271 silly addNameRange     '2.4.3',
271 silly addNameRange     '3.0.0',
271 silly addNameRange     '3.0.1',
271 silly addNameRange     '3.0.2',
271 silly addNameRange     '3.1.0',
271 silly addNameRange     '3.1.1',
271 silly addNameRange     '3.1.3',
271 silly addNameRange     '4.0.0',
271 silly addNameRange     '4.0.1',
271 silly addNameRange     '4.0.2',
271 silly addNameRange     '4.1.0',
271 silly addNameRange     '5.0.0',
271 silly addNameRange     '6.0.0',
271 silly addNameRange     '6.1.0',
271 silly addNameRange     '8.0.1',
271 silly addNameRange     '8.1.0',
271 silly addNameRange     '8.2.0',
271 silly addNameRange     '9.0.0',
271 silly addNameRange     '9.0.1',
271 silly addNameRange     '9.0.2',
271 silly addNameRange     '10.0.0',
271 silly addNameRange     '10.0.1',
271 silly addNameRange     '10.1.0',
271 silly addNameRange     '10.1.1',
271 silly addNameRange     '10.1.2',
271 silly addNameRange     '10.1.3',
271 silly addNameRange     '3.1.4',
271 silly addNameRange     '11.0.0',
271 silly addNameRange     '11.0.1',
271 silly addNameRange     '12.0.0-rc1',
271 silly addNameRange     '12.0.0-rc2',
271 silly addNameRange     '12.0.0-rc4' ] ]
272 silly addNamed elasticsearch@11.0.1
273 verbose addNamed "11.0.1" is a plain semver version for elasticsearch
274 silly mapToRegistry name jade
275 silly mapToRegistry using default registry
276 silly mapToRegistry registry https://registry.npmjs.org/
277 silly mapToRegistry uri https://registry.npmjs.org/jade
278 verbose addRemoteTarball https://registry.npmjs.org/jade/-/jade-1.11.0.tgz not in flight; adding
279 verbose addRemoteTarball [ 'https://registry.npmjs.org/jade/-/jade-1.11.0.tgz',
279 verbose addRemoteTarball   '9c80e538c12d3fb95c8d9bb9559fa0cc040405fd' ]
280 http 304 https://registry.npmjs.org/mongodb
281 silly get cb [ 304,
281 silly get   { date: 'Mon, 11 Jul 2016 03:27:07 GMT',
281 silly get     via: '1.1 varnish',
281 silly get     'cache-control': 'max-age=300',
281 silly get     etag: '"AJZPOM1S51833LQV6CCGMLZ55"',
281 silly get     age: '83',
281 silly get     connection: 'keep-alive',
281 silly get     'x-served-by': 'cache-atl6225-ATL',
281 silly get     'x-cache': 'HIT',
281 silly get     'x-cache-hits': '1',
281 silly get     'x-timer': 'S1468207627.895296,VS0,VE0',
281 silly get     vary: 'Accept-Encoding' } ]
282 verbose etag https://registry.npmjs.org/mongodb from cache
283 verbose get saving mongodb to /Users/darrenmcdaniel/.npm/registry.npmjs.org/mongodb/.cache.json
284 silly addNameRange number 2 { name: 'node-datetime', range: '>=1.0.0 <2.0.0', hasData: true }
285 silly addNameRange versions [ 'node-datetime',
285 silly addNameRange   [ '0.0.1',
285 silly addNameRange     '0.0.2',
285 silly addNameRange     '0.0.3',
285 silly addNameRange     '0.0.4',
285 silly addNameRange     '0.1.0',
285 silly addNameRange     '0.1.1',
285 silly addNameRange     '0.1.2',
285 silly addNameRange     '0.1.3',
285 silly addNameRange     '0.1.4',
285 silly addNameRange     '0.1.5',
285 silly addNameRange     '1.0.0' ] ]
286 silly addNamed node-datetime@1.0.0
287 verbose addNamed "1.0.0" is a plain semver version for node-datetime
288 silly addNameRange number 2 { name: 'underscore', range: '>=1.8.3 <2.0.0', hasData: true }
289 silly addNameRange versions [ 'underscore',
289 silly addNameRange   [ '1.0.3',
289 silly addNameRange     '1.0.4',
289 silly addNameRange     '1.1.0',
289 silly addNameRange     '1.1.1',
289 silly addNameRange     '1.1.2',
289 silly addNameRange     '1.1.3',
289 silly addNameRange     '1.1.4',
289 silly addNameRange     '1.1.5',
289 silly addNameRange     '1.1.6',
289 silly addNameRange     '1.1.7',
289 silly addNameRange     '1.2.0',
289 silly addNameRange     '1.2.1',
289 silly addNameRange     '1.2.2',
289 silly addNameRange     '1.2.3',
289 silly addNameRange     '1.2.4',
289 silly addNameRange     '1.3.0',
289 silly addNameRange     '1.3.1',
289 silly addNameRange     '1.3.2',
289 silly addNameRange     '1.3.3',
289 silly addNameRange     '1.4.0',
289 silly addNameRange     '1.4.1',
289 silly addNameRange     '1.4.2',
289 silly addNameRange     '1.4.3',
289 silly addNameRange     '1.4.4',
289 silly addNameRange     '1.5.0',
289 silly addNameRange     '1.5.1',
289 silly addNameRange     '1.5.2',
289 silly addNameRange     '1.6.0',
289 silly addNameRange     '1.7.0',
289 silly addNameRange     '1.8.0',
289 silly addNameRange     '1.8.1',
289 silly addNameRange     '1.8.2',
289 silly addNameRange     '1.8.3' ] ]
290 silly addNamed underscore@1.8.3
291 verbose addNamed "1.8.3" is a plain semver version for underscore
292 silly addNameRange number 2 { name: 'monk', range: '>=1.0.1 <2.0.0', hasData: true }
293 silly addNameRange versions [ 'monk',
293 silly addNameRange   [ '0.1.0',
293 silly addNameRange     '0.1.2',
293 silly addNameRange     '0.1.3',
293 silly addNameRange     '0.1.4',
293 silly addNameRange     '0.1.5',
293 silly addNameRange     '0.1.6',
293 silly addNameRange     '0.1.7',
293 silly addNameRange     '0.1.8',
293 silly addNameRange     '0.1.9',
293 silly addNameRange     '0.1.10',
293 silly addNameRange     '0.1.11',
293 silly addNameRange     '0.1.12',
293 silly addNameRange     '0.1.13',
293 silly addNameRange     '0.1.14',
293 silly addNameRange     '0.1.15',
293 silly addNameRange     '0.2.0',
293 silly addNameRange     '0.2.1',
293 silly addNameRange     '0.3.0',
293 silly addNameRange     '0.4.0',
293 silly addNameRange     '0.5.0',
293 silly addNameRange     '0.6.0',
293 silly addNameRange     '0.7.0',
293 silly addNameRange     '0.7.1',
293 silly addNameRange     '0.8.0',
293 silly addNameRange     '0.8.1',
293 silly addNameRange     '0.9.0',
293 silly addNameRange     '0.9.1',
293 silly addNameRange     '1.0.0',
293 silly addNameRange     '1.0.1',
293 silly addNameRange     '2.0.0',
293 silly addNameRange     '2.0.1',
293 silly addNameRange     '2.1.0',
293 silly addNameRange     '3.0.0',
293 silly addNameRange     '3.0.1',
293 silly addNameRange     '3.0.2',
293 silly addNameRange     '3.0.3',
293 silly addNameRange     '3.0.4' ] ]
294 silly addNamed monk@1.0.1
295 verbose addNamed "1.0.1" is a plain semver version for monk
296 silly mapToRegistry name underscore
297 silly mapToRegistry using default registry
298 silly mapToRegistry registry https://registry.npmjs.org/
299 silly mapToRegistry uri https://registry.npmjs.org/underscore
300 verbose addRemoteTarball https://registry.npmjs.org/underscore/-/underscore-1.8.3.tgz not in flight; adding
301 verbose addRemoteTarball [ 'https://registry.npmjs.org/underscore/-/underscore-1.8.3.tgz',
301 verbose addRemoteTarball   '4f3fb53b106e6097fcf9cb4109f2a5e9bdfa5022' ]
302 silly addNameRange number 2 { name: 'debug', range: '>=2.2.0 <2.3.0', hasData: true }
303 silly addNameRange versions [ 'debug',
303 silly addNameRange   [ '0.0.1',
303 silly addNameRange     '0.1.0',
303 silly addNameRange     '0.2.0',
303 silly addNameRange     '0.3.0',
303 silly addNameRange     '0.4.0',
303 silly addNameRange     '0.4.1',
303 silly addNameRange     '0.5.0',
303 silly addNameRange     '0.6.0',
303 silly addNameRange     '0.7.0',
303 silly addNameRange     '0.7.1',
303 silly addNameRange     '0.7.2',
303 silly addNameRange     '0.7.3',
303 silly addNameRange     '0.7.4',
303 silly addNameRange     '0.8.0',
303 silly addNameRange     '0.8.1',
303 silly addNameRange     '1.0.0',
303 silly addNameRange     '1.0.1',
303 silly addNameRange     '1.0.2',
303 silly addNameRange     '1.0.3',
303 silly addNameRange     '1.0.4',
303 silly addNameRange     '2.0.0',
303 silly addNameRange     '2.1.0',
303 silly addNameRange     '2.1.1',
303 silly addNameRange     '2.1.2',
303 silly addNameRange     '2.1.3',
303 silly addNameRange     '2.2.0' ] ]
304 silly addNamed debug@2.2.0
305 verbose addNamed "2.2.0" is a plain semver version for debug
306 silly addNameRange number 2 { name: 'body-parser', range: '>=1.15.1 <1.16.0', hasData: true }
307 silly addNameRange versions [ 'body-parser',
307 silly addNameRange   [ '1.0.0',
307 silly addNameRange     '1.0.1',
307 silly addNameRange     '1.0.2',
307 silly addNameRange     '1.1.0',
307 silly addNameRange     '1.1.1',
307 silly addNameRange     '1.1.2',
307 silly addNameRange     '1.2.0',
307 silly addNameRange     '1.2.1',
307 silly addNameRange     '1.2.2',
307 silly addNameRange     '1.3.0',
307 silly addNameRange     '1.3.1',
307 silly addNameRange     '1.4.0',
307 silly addNameRange     '1.4.1',
307 silly addNameRange     '1.4.2',
307 silly addNameRange     '1.4.3',
307 silly addNameRange     '1.5.0',
307 silly addNameRange     '1.5.1',
307 silly addNameRange     '1.5.2',
307 silly addNameRange     '1.6.0',
307 silly addNameRange     '1.6.1',
307 silly addNameRange     '1.6.2',
307 silly addNameRange     '1.6.3',
307 silly addNameRange     '1.6.4',
307 silly addNameRange     '1.6.5',
307 silly addNameRange     '1.6.6',
307 silly addNameRange     '1.6.7',
307 silly addNameRange     '1.7.0',
307 silly addNameRange     '1.8.0',
307 silly addNameRange     '1.8.1',
307 silly addNameRange     '1.8.2',
307 silly addNameRange     '1.8.3',
307 silly addNameRange     '1.8.4',
307 silly addNameRange     '1.9.0',
307 silly addNameRange     '1.9.1',
307 silly addNameRange     '1.9.2',
307 silly addNameRange     '1.9.3',
307 silly addNameRange     '1.10.0',
307 silly addNameRange     '1.10.1',
307 silly addNameRange     '1.10.2',
307 silly addNameRange     '1.11.0',
307 silly addNameRange     '1.12.0',
307 silly addNameRange     '1.12.1',
307 silly addNameRange     '1.12.2',
307 silly addNameRange     '1.12.3',
307 silly addNameRange     '1.12.4',
307 silly addNameRange     '1.13.0',
307 silly addNameRange     '1.13.1',
307 silly addNameRange     '1.13.2',
307 silly addNameRange     '1.13.3',
307 silly addNameRange     '1.14.0',
307 silly addNameRange     '1.14.1',
307 silly addNameRange     '1.14.2',
307 silly addNameRange     '1.15.0',
307 silly addNameRange     '1.15.1',
307 silly addNameRange     '1.15.2' ] ]
308 silly addNamed body-parser@1.15.2
309 verbose addNamed "1.15.2" is a plain semver version for body-parser
310 silly addNameRange number 2 { name: 'serve-favicon', range: '>=2.3.0 <2.4.0', hasData: true }
311 silly addNameRange versions [ 'serve-favicon',
311 silly addNameRange   [ '2.0.0',
311 silly addNameRange     '2.0.1',
311 silly addNameRange     '2.1.0',
311 silly addNameRange     '2.1.1',
311 silly addNameRange     '2.1.2',
311 silly addNameRange     '2.1.3',
311 silly addNameRange     '2.1.4',
311 silly addNameRange     '2.1.5',
311 silly addNameRange     '2.1.6',
311 silly addNameRange     '2.1.7',
311 silly addNameRange     '2.2.0',
311 silly addNameRange     '2.2.1',
311 silly addNameRange     '2.3.0' ] ]
312 silly addNamed serve-favicon@2.3.0
313 verbose addNamed "2.3.0" is a plain semver version for serve-favicon
314 silly cache afterAdd elasticsearch@11.0.1
315 verbose afterAdd /Users/darrenmcdaniel/.npm/elasticsearch/11.0.1/package/package.json not in flight; writing
316 silly addNameRange number 2 { name: 'morgan', range: '>=1.7.0 <1.8.0', hasData: true }
317 silly addNameRange versions [ 'morgan',
317 silly addNameRange   [ '1.0.0',
317 silly addNameRange     '1.0.1',
317 silly addNameRange     '1.1.0',
317 silly addNameRange     '1.1.1',
317 silly addNameRange     '1.2.0',
317 silly addNameRange     '1.2.1',
317 silly addNameRange     '1.2.2',
317 silly addNameRange     '1.2.3',
317 silly addNameRange     '1.3.0',
317 silly addNameRange     '1.3.1',
317 silly addNameRange     '1.3.2',
317 silly addNameRange     '1.4.0',
317 silly addNameRange     '1.4.1',
317 silly addNameRange     '1.5.0',
317 silly addNameRange     '1.5.1',
317 silly addNameRange     '1.5.2',
317 silly addNameRange     '1.5.3',
317 silly addNameRange     '1.6.0',
317 silly addNameRange     '1.6.1',
317 silly addNameRange     '1.7.0' ] ]
318 silly addNamed morgan@1.7.0
319 verbose addNamed "1.7.0" is a plain semver version for morgan
320 silly addNameRange number 2 { name: 'express', range: '>=4.13.4 <4.14.0', hasData: true }
321 silly addNameRange versions [ 'express',
321 silly addNameRange   [ '0.14.0',
321 silly addNameRange     '0.14.1',
321 silly addNameRange     '1.0.0',
321 silly addNameRange     '1.0.1',
321 silly addNameRange     '1.0.2',
321 silly addNameRange     '1.0.3',
321 silly addNameRange     '1.0.4',
321 silly addNameRange     '1.0.5',
321 silly addNameRange     '1.0.6',
321 silly addNameRange     '1.0.7',
321 silly addNameRange     '1.0.8',
321 silly addNameRange     '2.0.0',
321 silly addNameRange     '2.1.0',
321 silly addNameRange     '2.1.1',
321 silly addNameRange     '2.2.0',
321 silly addNameRange     '2.2.1',
321 silly addNameRange     '2.2.2',
321 silly addNameRange     '2.3.0',
321 silly addNameRange     '2.3.1',
321 silly addNameRange     '2.3.2',
321 silly addNameRange     '2.3.3',
321 silly addNameRange     '2.3.4',
321 silly addNameRange     '2.3.5',
321 silly addNameRange     '2.3.6',
321 silly addNameRange     '2.3.7',
321 silly addNameRange     '2.3.8',
321 silly addNameRange     '2.3.9',
321 silly addNameRange     '2.3.10',
321 silly addNameRange     '2.3.11',
321 silly addNameRange     '2.3.12',
321 silly addNameRange     '2.4.0',
321 silly addNameRange     '2.4.1',
321 silly addNameRange     '2.4.2',
321 silly addNameRange     '2.4.3',
321 silly addNameRange     '2.4.4',
321 silly addNameRange     '2.4.5',
321 silly addNameRange     '2.4.6',
321 silly addNameRange     '2.4.7',
321 silly addNameRange     '2.5.0',
321 silly addNameRange     '2.5.1',
321 silly addNameRange     '2.5.2',
321 silly addNameRange     '2.5.3',
321 silly addNameRange     '2.5.4',
321 silly addNameRange     '2.5.5',
321 silly addNameRange     '2.5.6',
321 silly addNameRange     '2.5.7',
321 silly addNameRange     '2.5.8',
321 silly addNameRange     '2.5.9',
321 silly addNameRange     '2.5.10',
321 silly addNameRange     '2.5.11',
321 silly addNameRange     '3.0.0',
321 silly addNameRange     '3.0.1',
321 silly addNameRange     '3.0.2',
321 silly addNameRange     '3.0.3',
321 silly addNameRange     '3.0.4',
321 silly addNameRange     '3.0.5',
321 silly addNameRange     '3.0.6',
321 silly addNameRange     '3.1.0',
321 silly addNameRange     '3.1.1',
321 silly addNameRange     '3.1.2',
321 silly addNameRange     '3.2.0',
321 silly addNameRange     '3.2.1',
321 silly addNameRange     '3.2.2',
321 silly addNameRange     '3.2.3',
321 silly addNameRange     '3.2.4',
321 silly addNameRange     '3.2.5',
321 silly addNameRange     '3.2.6',
321 silly addNameRange     '3.3.0',
321 silly addNameRange     '3.3.1',
321 silly addNameRange     '3.3.2',
321 silly addNameRange     '3.3.3',
321 silly addNameRange     '3.3.4',
321 silly addNameRange     '3.3.5',
321 silly addNameRange     '3.3.6',
321 silly addNameRange     '1.0.0-beta',
321 silly addNameRange     '1.0.0-beta2',
321 silly addNameRange     '1.0.0-rc',
321 silly addNameRange     '1.0.0-rc2',
321 silly addNameRange     '1.0.0-rc3',
321 silly addNameRange     '1.0.0-rc4',
321 silly addNameRange     '2.0.0-beta',
321 silly addNameRange     '2.0.0-beta2',
321 silly addNameRange     '2.0.0-beta3',
321 silly addNameRange     '2.0.0-rc',
321 silly addNameRange     '2.0.0-rc2',
321 silly addNameRange     '2.0.0-rc3',
321 silly addNameRange     '3.0.0-alpha1',
321 silly addNameRange     '3.0.0-alpha2',
321 silly addNameRange     '3.0.0-alpha3',
321 silly addNameRange     '3.0.0-alpha4',
321 silly addNameRange     '3.0.0-alpha5',
321 silly addNameRange     '3.0.0-beta1',
321 silly addNameRange     '3.0.0-beta2',
321 silly addNameRange     '3.0.0-beta3',
321 silly addNameRange     '3.0.0-beta4',
321 silly addNameRange     '3.0.0-beta6',
321 silly addNameRange     '3.0.0-beta7',
321 silly addNameRange     '3.0.0-rc1',
321 silly addNameRange     '3.0.0-rc2',
321 silly addNameRange     '3.0.0-rc3',
321 silly addNameRange     '3.0.0-rc4',
321 silly addNameRange     '3.0.0-rc5',
321 silly addNameRange     '3.3.7',
321 silly addNameRange     '3.3.8',
321 silly addNameRange     '3.4.0',
321 silly addNameRange     '3.4.1',
321 silly addNameRange     '3.4.2',
321 silly addNameRange     '3.4.3',
321 silly addNameRange     '3.4.4',
321 silly addNameRange     '3.4.5',
321 silly addNameRange     '3.4.6',
321 silly addNameRange     '3.4.7',
321 silly addNameRange     '3.4.8',
321 silly addNameRange     '4.0.0-rc1',
321 silly addNameRange     '4.0.0-rc2',
321 silly addNameRange     '3.5.0',
321 silly addNameRange     '4.0.0-rc3',
321 silly addNameRange     '4.0.0-rc4',
321 silly addNameRange     '3.5.1',
321 silly addNameRange     '4.0.0',
321 silly addNameRange     '3.5.2',
321 silly addNameRange     '4.1.0',
321 silly addNameRange     '4.1.1',
321 silly addNameRange     '3.5.3',
321 silly addNameRange     '4.1.2',
321 silly addNameRange     '3.6.0',
321 silly addNameRange     '4.2.0',
321 silly addNameRange     '3.7.0',
321 silly addNameRange     '3.8.0',
321 silly addNameRange     '4.3.0',
321 silly addNameRange     '4.3.1',
321 silly addNameRange     '3.8.1',
321 silly addNameRange     '4.3.2',
321 silly addNameRange     '3.9.0',
321 silly addNameRange     '4.4.0',
321 silly addNameRange     '4.4.1',
321 silly addNameRange     '3.10.0',
321 silly addNameRange     '3.10.1',
321 silly addNameRange     '3.10.2',
321 silly addNameRange     '3.10.3',
321 silly addNameRange     '3.10.4',
321 silly addNameRange     '4.4.2',
321 silly addNameRange     '3.10.5',
321 silly addNameRange     '4.4.3',
321 silly addNameRange     '3.11.0',
321 silly addNameRange     '4.4.4',
321 silly addNameRange     '3.12.0',
321 silly addNameRange     '3.12.1',
321 silly addNameRange     '4.4.5',
321 silly addNameRange     '3.13.0',
321 silly addNameRange     '4.5.0',
321 silly addNameRange     '4.5.1',
321 silly addNameRange     '3.14.0',
321 silly addNameRange     '4.6.0',
321 silly addNameRange     '4.6.1',
321 silly addNameRange     '3.15.0',
321 silly addNameRange     '4.7.0',
321 silly addNameRange     '3.15.1',
321 silly addNameRange     '4.7.1',
321 silly addNameRange     '3.15.2',
321 silly addNameRange     '4.7.2',
321 silly addNameRange     '4.7.3',
321 silly addNameRange     '3.15.3',
321 silly addNameRange     '4.7.4',
321 silly addNameRange     '3.16.0',
321 silly addNameRange     '4.8.0',
321 silly addNameRange     '3.16.1',
321 silly addNameRange     '4.8.1',
321 silly addNameRange     '3.16.2',
321 silly addNameRange     '4.8.2',
321 silly addNameRange     '3.16.3',
321 silly addNameRange     '3.16.4',
321 silly addNameRange     '4.8.3',
321 silly addNameRange     '3.16.5',
321 silly addNameRange     '3.16.6',
321 silly addNameRange     '4.8.4',
321 silly addNameRange     '3.16.7',
321 silly addNameRange     '4.8.5',
321 silly addNameRange     '3.16.8',
321 silly addNameRange     '4.8.6',
321 silly addNameRange     '3.16.9',
321 silly addNameRange     '4.8.7',
321 silly addNameRange     '3.16.10',
321 silly addNameRange     '4.8.8',
321 silly addNameRange     '3.17.0',
321 silly addNameRange     '3.17.1',
321 silly addNameRange     '4.9.0',
321 silly addNameRange     '3.17.2',
321 silly addNameRange     '4.9.1',
321 silly addNameRange     '4.9.2',
321 silly addNameRange     '3.17.3',
321 silly addNameRange     '4.9.3',
321 silly addNameRange     '3.17.4',
321 silly addNameRange     '4.9.4',
321 silly addNameRange     '3.17.5',
321 silly addNameRange     '4.9.5',
321 silly addNameRange     '3.17.6',
321 silly addNameRange     '3.17.7',
321 silly addNameRange     '4.9.6',
321 silly addNameRange     '4.9.7',
321 silly addNameRange     '3.17.8',
321 silly addNameRange     '4.9.8',
321 silly addNameRange     '3.18.0',
321 silly addNameRange     '3.18.1',
321 silly addNameRange     '4.10.0',
321 silly addNameRange     '3.18.2',
321 silly addNameRange     '4.10.1',
321 silly addNameRange     '5.0.0-alpha.1',
321 silly addNameRange     '3.18.3',
321 silly addNameRange     '4.10.2',
321 silly addNameRange     '3.18.4',
321 silly addNameRange     '4.10.3',
321 silly addNameRange     '4.10.4',
321 silly addNameRange     '4.10.5',
321 silly addNameRange     '3.18.5',
321 silly addNameRange     '3.18.6',
321 silly addNameRange     '4.10.6',
321 silly addNameRange     '4.10.7',
321 silly addNameRange     '3.19.0',
321 silly addNameRange     '4.10.8',
321 silly addNameRange     '4.11.0',
321 silly addNameRange     '3.19.1',
321 silly addNameRange     '4.11.1',
321 silly addNameRange     '3.19.2',
321 silly addNameRange     '4.11.2',
321 silly addNameRange     '3.20.0',
321 silly addNameRange     '4.12.0',
321 silly addNameRange     '3.20.1',
321 silly addNameRange     '4.12.1',
321 silly addNameRange     '4.12.2',
321 silly addNameRange     '3.20.2',
321 silly addNameRange     '4.12.3',
321 silly addNameRange     '3.20.3',
321 silly addNameRange     '4.12.4',
321 silly addNameRange     '3.21.0',
321 silly addNameRange     '4.13.0',
321 silly addNameRange     '3.21.1',
321 silly addNameRange     '4.13.1',
321 silly addNameRange     '5.0.0-alpha.2',
321 silly addNameRange     '3.21.2',
321 silly addNameRange     '4.13.2',
321 silly addNameRange     '4.13.3',
321 silly addNameRange     '4.13.4',
321 silly addNameRange     '4.14.0' ] ]
322 silly addNamed express@4.13.4
323 verbose addNamed "4.13.4" is a plain semver version for express
324 silly cache afterAdd node-datetime@1.0.0
325 verbose afterAdd /Users/darrenmcdaniel/.npm/node-datetime/1.0.0/package/package.json not in flight; writing
326 silly mapToRegistry name express
327 silly mapToRegistry using default registry
328 silly mapToRegistry registry https://registry.npmjs.org/
329 silly mapToRegistry uri https://registry.npmjs.org/express
330 verbose addRemoteTarball https://registry.npmjs.org/express/-/express-4.13.4.tgz not in flight; adding
331 verbose addRemoteTarball [ 'https://registry.npmjs.org/express/-/express-4.13.4.tgz',
331 verbose addRemoteTarball   '3c0b76f3c77590c8345739061ec0bd3ba067ec24' ]
332 info retry fetch attempt 1 at 11:27:08 PM
333 info attempt registry request try #1 at 11:27:08 PM
334 http fetch GET https://registry.npmjs.org/jade/-/jade-1.11.0.tgz
335 silly addNameRange number 2 { name: 'cookie-parser', range: '>=1.4.3 <1.5.0', hasData: true }
336 silly addNameRange versions [ 'cookie-parser',
336 silly addNameRange   [ '1.0.0',
336 silly addNameRange     '1.0.1',
336 silly addNameRange     '1.1.0',
336 silly addNameRange     '1.2.0',
336 silly addNameRange     '1.3.0',
336 silly addNameRange     '1.3.1',
336 silly addNameRange     '1.3.2',
336 silly addNameRange     '1.3.3',
336 silly addNameRange     '1.3.4',
336 silly addNameRange     '1.3.5',
336 silly addNameRange     '1.4.0',
336 silly addNameRange     '1.4.1',
336 silly addNameRange     '1.4.2',
336 silly addNameRange     '1.4.3' ] ]
337 silly addNamed cookie-parser@1.4.3
338 verbose addNamed "1.4.3" is a plain semver version for cookie-parser
339 silly cache afterAdd monk@1.0.1
340 verbose afterAdd /Users/darrenmcdaniel/.npm/monk/1.0.1/package/package.json not in flight; writing
341 silly addNameRange number 2 { name: 'mongodb', range: '>=1.4.4 <2.0.0', hasData: true }
342 silly addNameRange versions [ 'mongodb',
342 silly addNameRange   [ '0.9.4',
342 silly addNameRange     '0.9.4-4',
342 silly addNameRange     '0.9.3',
342 silly addNameRange     '0.9.1',
342 silly addNameRange     '0.9.2',
342 silly addNameRange     '0.9.6-7',
342 silly addNameRange     '0.9.6-8',
342 silly addNameRange     '0.9.6-9',
342 silly addNameRange     '0.9.6-10',
342 silly addNameRange     '0.9.6-11',
342 silly addNameRange     '0.9.6-12',
342 silly addNameRange     '0.9.6-13',
342 silly addNameRange     '0.9.6-14',
342 silly addNameRange     '0.9.6-15',
342 silly addNameRange     '0.9.6-16',
342 silly addNameRange     '0.9.6-17',
342 silly addNameRange     '0.9.6-18',
342 silly addNameRange     '0.9.6-19',
342 silly addNameRange     '0.9.6-20',
342 silly addNameRange     '0.9.6-21',
342 silly addNameRange     '0.9.6-22',
342 silly addNameRange     '0.9.6-23',
342 silly addNameRange     '0.9.7',
342 silly addNameRange     '0.9.7-0',
342 silly addNameRange     '0.9.7-1',
342 silly addNameRange     '0.9.7-1.1',
342 silly addNameRange     '0.9.7-1.2',
342 silly addNameRange     '0.9.7-1.3',
342 silly addNameRange     '0.9.7-1.4',
342 silly addNameRange     '0.9.7-2',
342 silly addNameRange     '0.9.7-2-1',
342 silly addNameRange     '0.9.7-2-2',
342 silly addNameRange     '0.9.7-2-3',
342 silly addNameRange     '0.9.7-2-4',
342 silly addNameRange     '0.9.7-2-5',
342 silly addNameRange     '0.9.7-3',
342 silly addNameRange     '0.9.7-3-1',
342 silly addNameRange     '0.9.7-3-2',
342 silly addNameRange     '0.9.7-3-3',
342 silly addNameRange     '0.9.7-3-4',
342 silly addNameRange     '0.9.7-3-5',
342 silly addNameRange     '0.9.8',
342 silly addNameRange     '0.9.8-1',
342 silly addNameRange     '0.9.8-2',
342 silly addNameRange     '0.9.8-3',
342 silly addNameRange     '0.9.8-4',
342 silly addNameRange     '0.9.8-5',
342 silly addNameRange     '0.9.8-6',
342 silly addNameRange     '0.9.8-7',
342 silly addNameRange     '0.9.9',
342 silly addNameRange     '0.9.9-1',
342 silly addNameRange     '0.9.9-2',
342 silly addNameRange     '0.9.9-3',
342 silly addNameRange     '0.9.9-4',
342 silly addNameRange     '0.9.9-5',
342 silly addNameRange     '0.9.9-6',
342 silly addNameRange     '0.9.9-7',
342 silly addNameRange     '0.9.9-8',
342 silly addNameRange     '1.0.0',
342 silly addNameRange     '1.0.1',
342 silly addNameRange     '1.0.2',
342 silly addNameRange     '1.1.0-beta',
342 silly addNameRange     '1.1.0',
342 silly addNameRange     '1.1.1',
342 silly addNameRange     '1.1.2',
342 silly addNameRange     '1.1.3',
342 silly addNameRange     '1.1.4',
342 silly addNameRange     '1.1.5',
342 silly addNameRange     '1.1.6',
342 silly addNameRange     '1.1.7',
342 silly addNameRange     '1.1.8',
342 silly addNameRange     '1.1.9',
342 silly addNameRange     '1.1.10',
342 silly addNameRange     '1.1.11',
342 silly addNameRange     '1.2.0',
342 silly addNameRange     '1.2.1',
342 silly addNameRange     '1.2.2',
342 silly addNameRange     '1.2.3',
342 silly addNameRange     '1.2.4',
342 silly addNameRange     '1.2.5',
342 silly addNameRange     '1.2.6',
342 silly addNameRange     '1.2.7',
342 silly addNameRange     '1.2.8',
342 silly addNameRange     '1.2.9',
342 silly addNameRange     '1.2.10',
342 silly addNameRange     '1.2.11',
342 silly addNameRange     '1.2.12',
342 silly addNameRange     '1.2.13',
342 silly addNameRange     '1.2.14',
342 silly addNameRange     '1.3.0',
342 silly addNameRange     '1.3.1',
342 silly addNameRange     '1.3.2',
342 silly addNameRange     '1.3.3',
342 silly addNameRange     '1.3.4',
342 silly addNameRange     '1.3.5',
342 silly addNameRange     '1.3.6',
342 silly addNameRange     '1.3.7',
342 silly addNameRange     '1.3.8',
342 silly addNameRange     '1.3.9',
342 silly addNameRange     '1.3.10',
342 silly addNameRange     '1.3.11',
342 silly addNameRange     '1.3.12',
342 silly addNameRange     '1.3.14',
342 silly addNameRange     '1.3.15',
342 silly addNameRange     '1.3.17',
342 silly addNameRange     '1.3.18',
342 silly addNameRange     '1.3.19',
342 silly addNameRange     '1.4.0-rc2',
342 silly addNameRange     '1.3.20',
342 silly addNameRange     '1.4.0-rc3',
342 silly addNameRange     '1.3.21',
342 silly addNameRange     '1.3.22',
342 silly addNameRange     '1.3.23',
342 silly addNameRange     '1.4.0-rc4',
342 silly addNameRange     '1.4.0-rc5',
342 silly addNameRange     '1.4.0-rc6',
342 silly addNameRange     '1.4.0-rc7',
342 silly addNameRange     '1.4.0-rc8',
342 silly addNameRange     '1.4.0-rc9',
342 silly addNameRange     '1.4.0-rc10',
342 silly addNameRange     '1.4.0',
342 silly addNameRange     '1.4.1',
342 silly addNameRange     '1.4.2',
342 silly addNameRange     '1.4.3',
342 silly addNameRange     '1.4.4',
342 silly addNameRange     '1.4.5',
342 silly addNameRange     '1.4.6',
342 silly addNameRange     '1.4.7',
342 silly addNameRange     '1.4.8',
342 silly addNameRange     '1.4.9',
342 silly addNameRange     '1.4.10',
342 silly addNameRange     '2.0.0-alpha1',
342 silly addNameRange     '1.4.11',
342 silly addNameRange     '1.4.12',
342 silly addNameRange     '1.4.14',
342 silly addNameRange     '1.4.15',
342 silly addNameRange     '1.4.16',
342 silly addNameRange     '1.4.17',
342 silly addNameRange     '2.0.0-alpha2',
342 silly addNameRange     '1.4.18',
342 silly addNameRange     '2.0.0',
342 silly addNameRange     '2.0.1',
342 silly addNameRange     '2.0.2',
342 silly addNameRange     '1.4.19',
342 silly addNameRange     '2.0.3',
342 silly addNameRange     '2.0.4',
342 silly addNameRange     '2.0.5',
342 silly addNameRange     '2.0.6',
342 silly addNameRange     '1.4.20',
342 silly addNameRange     '1.4.22',
342 silly addNameRange     '2.0.7',
342 silly addNameRange     '2.0.8',
342 silly addNameRange     '2.0.9',
342 silly addNameRange     '1.4.23',
342 silly addNameRange     '2.0.10',
342 silly addNameRange     '1.4.24',
342 silly addNameRange     '2.0.11',
342 silly addNameRange     '1.4.25',
342 silly addNameRange     '2.0.12',
342 silly addNameRange     '1.4.26',
342 silly addNameRange     '1.4.27',
342 silly addNameRange     '1.4.28',
342 silly addNameRange     '2.0.13',
342 silly addNameRange     '2.0.14',
342 silly addNameRange     '1.4.29',
342 silly addNameRange     '2.0.15',
342 silly addNameRange     '1.4.30',
342 silly addNameRange     '2.0.16',
342 silly addNameRange     '1.4.31',
342 silly addNameRange     '2.0.17',
342 silly addNameRange     '1.4.32',
342 silly addNameRange     '2.0.18',
342 silly addNameRange     '2.0.19',
342 silly addNameRange     '1.4.33',
342 silly addNameRange     '2.0.20',
342 silly addNameRange     '2.0.21',
342 silly addNameRange     '1.4.34',
342 silly addNameRange     '2.0.22',
342 silly addNameRange     '2.0.23',
342 silly addNameRange     '1.4.35',
342 silly addNameRange     '2.0.24',
342 silly addNameRange     '2.0.25',
342 silly addNameRange     '2.0.26',
342 silly addNameRange     '2.0.27',
342 silly addNameRange     '2.0.28',
342 silly addNameRange     '2.0.29',
342 silly addNameRange     '1.4.36',
342 silly addNameRange     '2.0.30',
342 silly addNameRange     '1.4.37',
342 silly addNameRange     '2.0.31',
342 silly addNameRange     '1.4.38',
342 silly addNameRange     '2.0.32',
342 silly addNameRange     '2.0.33',
342 silly addNameRange     '2.1.0-alpha',
342 silly addNameRange     '2.0.34',
342 silly addNameRange     '2.0.35',
342 silly addNameRange     '2.0.36',
342 silly addNameRange     '2.0.37',
342 silly addNameRange     '2.0.38',
342 silly addNameRange     '2.0.39',
342 silly addNameRange     '1.4.39',
342 silly addNameRange     '2.0.40',
342 silly addNameRange     '2.0.41',
342 silly addNameRange     '2.0.42',
342 silly addNameRange     '2.0.43',
342 silly addNameRange     '2.0.44',
342 silly addNameRange     '2.0.45',
342 silly addNameRange     '2.0.46',
342 silly addNameRange     '2.0.47',
342 silly addNameRange     '2.0.48',
342 silly addNameRange     '2.1.0-rc1',
342 silly addNameRange     '2.0.49',
342 silly addNameRange     '2.0.50',
342 silly addNameRange     '2.1.0',
342 silly addNameRange     '2.0.51',
342 silly addNameRange     '2.1.1',
342 silly addNameRange     '2.0.52',
342 silly addNameRange     '2.0.53',
342 silly addNameRange     '2.1.2',
342 silly addNameRange     '2.1.3',
342 silly addNameRange     '2.0.54',
342 silly addNameRange     '2.0.55',
342 silly addNameRange     '1.4.40',
342 silly addNameRange     '2.1.4',
342 silly addNameRange     '2.1.5',
342 silly addNameRange     '2.1.6',
342 silly addNameRange     '2.1.7',
342 silly addNameRange     '2.1.8',
342 silly addNameRange     '2.1.9',
342 silly addNameRange     '2.1.10',
342 silly addNameRange     '2.1.11',
342 silly addNameRange     '2.1.12',
342 silly addNameRange     '2.1.13',
342 silly addNameRange     '2.1.14',
342 silly addNameRange     '2.1.15',
342 silly addNameRange     '2.1.16',
342 silly addNameRange     '2.1.17',
342 silly addNameRange     '2.1.18',
342 silly addNameRange     '2.1.19',
342 silly addNameRange     '2.1.20',
342 silly addNameRange     '2.1.21',
342 silly addNameRange     '2.1.22-alpha',
342 silly addNameRange     '2.1.22-alpha2',
342 silly addNameRange     '2.1.22-alpha3',
342 silly addNameRange     '2.1.22-alpha4',
342 silly addNameRange     '2.2.0-alpha1',
342 silly addNameRange     '2.2.0-alpha2',
342 silly addNameRange     '2.2.0' ] ]
343 silly addNamed mongodb@1.4.40
344 verbose addNamed "1.4.40" is a plain semver version for mongodb
345 silly cache afterAdd debug@2.2.0
346 verbose afterAdd /Users/darrenmcdaniel/.npm/debug/2.2.0/package/package.json not in flight; writing
347 info retry fetch attempt 1 at 11:27:08 PM
348 info attempt registry request try #1 at 11:27:08 PM
349 http fetch GET https://registry.npmjs.org/underscore/-/underscore-1.8.3.tgz
350 info retry fetch attempt 1 at 11:27:08 PM
351 info attempt registry request try #1 at 11:27:08 PM
352 http fetch GET https://registry.npmjs.org/express/-/express-4.13.4.tgz
353 verbose afterAdd /Users/darrenmcdaniel/.npm/elasticsearch/11.0.1/package/package.json written
354 silly cache afterAdd body-parser@1.15.2
355 verbose afterAdd /Users/darrenmcdaniel/.npm/body-parser/1.15.2/package/package.json not in flight; writing
356 silly cache afterAdd serve-favicon@2.3.0
357 verbose afterAdd /Users/darrenmcdaniel/.npm/serve-favicon/2.3.0/package/package.json not in flight; writing
358 silly cache afterAdd morgan@1.7.0
359 verbose afterAdd /Users/darrenmcdaniel/.npm/morgan/1.7.0/package/package.json not in flight; writing
360 verbose afterAdd /Users/darrenmcdaniel/.npm/node-datetime/1.0.0/package/package.json written
361 silly cache afterAdd cookie-parser@1.4.3
362 verbose afterAdd /Users/darrenmcdaniel/.npm/cookie-parser/1.4.3/package/package.json not in flight; writing
363 verbose afterAdd /Users/darrenmcdaniel/.npm/monk/1.0.1/package/package.json written
364 silly cache afterAdd mongodb@1.4.40
365 verbose afterAdd /Users/darrenmcdaniel/.npm/mongodb/1.4.40/package/package.json not in flight; writing
366 verbose afterAdd /Users/darrenmcdaniel/.npm/debug/2.2.0/package/package.json written
367 verbose afterAdd /Users/darrenmcdaniel/.npm/serve-favicon/2.3.0/package/package.json written
368 verbose afterAdd /Users/darrenmcdaniel/.npm/morgan/1.7.0/package/package.json written
369 verbose afterAdd /Users/darrenmcdaniel/.npm/body-parser/1.15.2/package/package.json written
370 verbose afterAdd /Users/darrenmcdaniel/.npm/cookie-parser/1.4.3/package/package.json written
371 verbose afterAdd /Users/darrenmcdaniel/.npm/mongodb/1.4.40/package/package.json written
372 http fetch 200 https://registry.npmjs.org/underscore/-/underscore-1.8.3.tgz
373 http fetch 200 https://registry.npmjs.org/jade/-/jade-1.11.0.tgz
374 http fetch 200 https://registry.npmjs.org/express/-/express-4.13.4.tgz
375 silly fetchAndShaCheck shasum 4f3fb53b106e6097fcf9cb4109f2a5e9bdfa5022
376 verbose addTmpTarball /var/folders/qr/0brp19mn54xg3yxsm1m4bvk80000gq/T/npm-48714-c8703630/registry.npmjs.org/underscore/-/underscore-1.8.3.tgz not in flight; adding
377 verbose addTmpTarball already have metadata; skipping unpack for underscore@1.8.3
378 silly fetchAndShaCheck shasum 3c0b76f3c77590c8345739061ec0bd3ba067ec24
379 verbose addTmpTarball /var/folders/qr/0brp19mn54xg3yxsm1m4bvk80000gq/T/npm-48714-c8703630/registry.npmjs.org/express/-/express-4.13.4.tgz not in flight; adding
380 verbose addTmpTarball already have metadata; skipping unpack for express@4.13.4
381 silly fetchAndShaCheck shasum 9c80e538c12d3fb95c8d9bb9559fa0cc040405fd
382 verbose addTmpTarball /var/folders/qr/0brp19mn54xg3yxsm1m4bvk80000gq/T/npm-48714-c8703630/registry.npmjs.org/jade/-/jade-1.11.0.tgz not in flight; adding
383 verbose addTmpTarball already have metadata; skipping unpack for jade@1.11.0
384 verbose stack Error: version not found: moment@2.4.1
384 verbose stack     at setData (/usr/local/lib/node_modules/npm/lib/cache/add-named.js:137:12)
384 verbose stack     at RES (/usr/local/lib/node_modules/npm/node_modules/inflight/inflight.js:23:14)
384 verbose stack     at f (/usr/local/lib/node_modules/npm/node_modules/once/once.js:17:25)
384 verbose stack     at fixName (/usr/local/lib/node_modules/npm/lib/cache/add-named.js:29:5)
384 verbose stack     at saved (/usr/local/lib/node_modules/npm/lib/cache/caching-client.js:173:7)
384 verbose stack     at FSReqWrap.oncomplete (fs.js:95:15)
385 verbose statusCode 404
386 verbose cwd /Users/darrenmcdaniel/Dropbox/node/iotserver
387 error Darwin 15.5.0
388 error argv "node" "/usr/local/bin/npm" "install"
389 error node v0.12.7
390 error npm  v2.11.3
391 error version not found: moment@2.4.1
392 error If you need help, you may report this error at:
392 error     <https://github.com/npm/npm/issues>
393 verbose exit [ 1, true ]
